TN:
SF:/Users/vivaxy/Developer/github/WXML/class/Token.js
FN:7,(anonymous_0)
FNF:1
FNH:1
FNDA:36,(anonymous_0)
DA:6,1
DA:8,36
DA:9,36
LF:3
LH:3
BRF:0
BRH:0
end_of_record
TN:
SF:/Users/vivaxy/Developer/github/WXML/class/Tokenizer.js
FN:12,(anonymous_0)
FN:21,(anonymous_1)
FN:34,(anonymous_2)
FN:38,(anonymous_3)
FN:53,(anonymous_4)
FN:108,(anonymous_5)
FN:112,(anonymous_6)
FN:116,(anonymous_7)
FNF:8
FNH:6
FNDA:7,(anonymous_0)
FNDA:7,(anonymous_1)
FNDA:83,(anonymous_2)
FNDA:58,(anonymous_3)
FNDA:58,(anonymous_4)
FNDA:36,(anonymous_5)
FNDA:0,(anonymous_6)
FNDA:0,(anonymous_7)
DA:6,1
DA:8,1
DA:10,1
DA:13,7
DA:14,7
DA:15,7
DA:16,7
DA:18,7
DA:22,7
DA:23,7
DA:24,7
DA:25,7
DA:27,7
DA:28,7
DA:29,58
DA:31,7
DA:35,83
DA:39,58
DA:40,58
DA:41,22
DA:43,36
DA:44,36
DA:45,36
DA:47,58
DA:48,7
DA:50,58
DA:54,58
DA:55,0
DA:58,58
DA:60,58
DA:61,7
DA:64,51
DA:65,4
DA:66,4
DA:67,4
DA:68,7
DA:69,7
DA:70,7
DA:72,4
DA:75,47
DA:76,8
DA:77,2
DA:79,6
DA:80,0
DA:82,6
DA:85,39
DA:86,4
DA:89,35
DA:90,4
DA:93,31
DA:94,0
DA:97,31
DA:98,0
DA:101,31
DA:102,0
DA:105,31
DA:109,36
DA:113,0
DA:117,0
DA:118,0
DA:119,0
DA:120,0
LF:62
LH:52
BRDA:34,0,0,58
BRDA:40,1,0,22
BRDA:40,1,1,36
BRDA:40,2,0,58
BRDA:40,2,1,51
BRDA:40,2,2,22
BRDA:47,3,0,7
BRDA:47,3,1,51
BRDA:54,4,0,0
BRDA:54,4,1,58
BRDA:60,5,0,7
BRDA:60,5,1,51
BRDA:64,6,0,4
BRDA:64,6,1,47
BRDA:64,7,0,51
BRDA:64,7,1,47
BRDA:67,8,0,11
BRDA:67,8,1,5
BRDA:75,9,0,8
BRDA:75,9,1,39
BRDA:76,10,0,2
BRDA:76,10,1,6
BRDA:79,11,0,0
BRDA:79,11,1,6
BRDA:79,12,0,6
BRDA:79,12,1,0
BRDA:79,12,2,0
BRDA:85,13,0,4
BRDA:85,13,1,35
BRDA:89,14,0,4
BRDA:89,14,1,31
BRDA:89,15,0,35
BRDA:89,15,1,4
BRDA:93,16,0,0
BRDA:93,16,1,31
BRDA:93,17,0,31
BRDA:93,17,1,0
BRDA:97,18,0,0
BRDA:97,18,1,31
BRDA:97,19,0,31
BRDA:97,19,1,0
BRDA:101,20,0,0
BRDA:101,20,1,31
BRDA:101,21,0,31
BRDA:101,21,1,0
BRDA:101,21,2,0
BRDA:112,22,0,0
BRF:47
BRH:35
end_of_record
TN:
SF:/Users/vivaxy/Developer/github/WXML/enums/tokenTypes.js
FNF:0
FNH:0
DA:6,1
DA:7,1
DA:8,1
DA:9,1
DA:11,1
DA:12,1
DA:14,1
DA:15,1
DA:17,1
DA:19,1
DA:21,1
LF:11
LH:11
BRF:0
BRH:0
end_of_record
